[ (99, empty) (98, empty) (97, empty) (96, empty) (95, empty) 
  (94, empty) (93, empty) (92, empty) (91, empty) (90, empty) 
  (89, empty) (88, empty) (87, empty) (86, empty) (85, empty) 
  (84, empty) (83, empty) (82, empty) (81, empty) (80, empty) 
  (79, empty) (78, empty) (77, empty) (76, empty) (75, empty) 
  (74, empty) (73, empty) (72, empty) (71, empty) (70, empty) 
  (69, empty) (68, empty) (67, empty) (66, empty) (65, empty) 
  (64, empty) (63, empty) (62, empty) (61, empty) (60, empty) 
  (59, empty) (58, empty) (57, empty) (56, empty) (55, empty) 
  (54, empty) (53, empty) (52, empty) (51, empty) (50, empty) 
  (49, empty) (48, empty) (47, empty) (46, empty) (45, empty) 
  (44, empty) (43, empty) (42, empty) (41, empty) (40, empty) 
  (39, empty) (38, empty) (37, empty) (36, empty) (35, empty) 
  (34, empty) (33, empty) (32, empty) (31, empty) (30, empty) 
  (29, empty) (28, empty) (27, empty) (26, empty) (25, empty) 
  (24, empty) (23, empty) (22, empty) (21, empty) (20, empty) 
  (19, empty) (18, empty) (17, empty) (16, empty) (15, empty) 
  (14, empty) (13, empty) (12, empty) (11, empty) (10, empty) 
  (9, empty) (8, empty) (7, empty) (6, empty) (5, empty) 
  (4, empty) (3, empty) (2, empty) (1, empty) (0, empty) |
  (89, 98, 99, empty) (88, 97, 98, empty) (87, 96, 97, empty) 
  (86, 95, 96, empty) (85, 94, 95, empty) (84, 93, 94, empty) 
  (83, 92, 93, empty) (82, 91, 92, empty) (81, 90, 91, empty) 
  (179, 89, 99, empty) (178, 88, 98, empty) (80, 88, 89, empty) 
  (177, 87, 97, empty) (79, 87, 88, empty) (176, 86, 96, empty) 
  (78, 86, 87, empty) (175, 85, 95, empty) (77, 85, 86, empty) 
  (174, 84, 94, empty) (76, 84, 85, empty) (173, 83, 93, empty) 
  (75, 83, 84, empty) (172, 82, 92, empty) (74, 82, 83, empty) 
  (171, 81, 91, empty) (73, 81, 82, empty) (170, 80, 90, empty) 
  (72, 80, 81, empty) (169, 79, 89, empty) (168, 78, 88, empty) 
  (71, 78, 79, empty) (167, 77, 87, empty) (70, 77, 78, empty) 
  (166, 76, 86, empty) (69, 76, 77, empty) (165, 75, 85, empty) 
  (68, 75, 76, empty) (164, 74, 84, empty) (67, 74, 75, empty) 
  (163, 73, 83, empty) (66, 73, 74, empty) (162, 72, 82, empty) 
  (65, 72, 73, empty) (161, 71, 81, empty) (64, 71, 72, empty) 
  (160, 70, 80, empty) (63, 70, 71, empty) (159, 69, 79, empty) 
  (158, 68, 78, empty) (62, 68, 69, empty) (157, 67, 77, empty) 
  (61, 67, 68, empty) (156, 66, 76, empty) (60, 66, 67, empty) 
  (155, 65, 75, empty) (59, 65, 66, empty) (154, 64, 74, empty) 
  (58, 64, 65, empty) (153, 63, 73, empty) (57, 63, 64, empty) 
  (152, 62, 72, empty) (56, 62, 63, empty) (151, 61, 71, empty) 
  (55, 61, 62, empty) (150, 60, 70, empty) (54, 60, 61, empty) 
  (149, 59, 69, empty) (148, 58, 68, empty) (53, 58, 59, empty) 
  (147, 57, 67, empty) (52, 57, 58, empty) (146, 56, 66, empty) 
  (51, 56, 57, empty) (145, 55, 65, empty) (50, 55, 56, empty) 
  (144, 54, 64, empty) (49, 54, 55, empty) (143, 53, 63, empty) 
  (48, 53, 54, empty) (142, 52, 62, empty) (47, 52, 53, empty) 
  (141, 51, 61, empty) (46, 51, 52, empty) (140, 50, 60, empty) 
  (45, 50, 51, empty) (139, 49, 59, empty) (138, 48, 58, empty) 
  (44, 48, 49, empty) (137, 47, 57, empty) (43, 47, 48, empty) 
  (136, 46, 56, empty) (42, 46, 47, empty) (135, 45, 55, empty) 
  (41, 45, 46, empty) (134, 44, 54, empty) (40, 44, 45, empty) 
  (133, 43, 53, empty) (39, 43, 44, empty) (132, 42, 52, empty) 
  (38, 42, 43, empty) (131, 41, 51, empty) (37, 41, 42, empty) 
  (130, 40, 50, empty) (36, 40, 41, empty) (129, 39, 49, empty) 
  (128, 38, 48, empty) (35, 38, 39, empty) (127, 37, 47, empty) 
  (34, 37, 38, empty) (126, 36, 46, empty) (33, 36, 37, empty) 
  (125, 35, 45, empty) (32, 35, 36, empty) (124, 34, 44, empty) 
  (31, 34, 35, empty) (123, 33, 43, empty) (30, 33, 34, empty) 
  (122, 32, 42, empty) (29, 32, 33, empty) (121, 31, 41, empty) 
  (28, 31, 32, empty) (120, 30, 40, empty) (27, 30, 31, empty) 
  (119, 29, 39, empty) (118, 28, 38, empty) (26, 28, 29, empty) 
  (117, 27, 37, empty) (25, 27, 28, empty) (116, 26, 36, empty) 
  (24, 26, 27, empty) (115, 25, 35, empty) (23, 25, 26, empty) 
  (114, 24, 34, empty) (22, 24, 25, empty) (113, 23, 33, empty) 
  (21, 23, 24, empty) (112, 22, 32, empty) (20, 22, 23, empty) 
  (111, 21, 31, empty) (19, 21, 22, empty) (110, 20, 30, empty) 
  (18, 20, 21, empty) (109, 19, 29, empty) (108, 18, 28, empty) 
  (17, 18, 19, empty) (107, 17, 27, empty) (16, 17, 18, empty) 
  (106, 16, 26, empty) (15, 16, 17, empty) (105, 15, 25, empty) 
  (14, 15, 16, empty) (104, 14, 24, empty) (13, 14, 15, empty) 
  (103, 13, 23, empty) (12, 13, 14, empty) (102, 12, 22, empty) 
  (11, 12, 13, empty) (101, 11, 21, empty) (10, 11, 12, empty) 
  (100, 10, 20, empty) (9, 10, 11, empty) (99, 9, 19, empty) 
  (98, 8, 18, empty) (8, 8, 9, empty) (97, 7, 17, empty) 
  (7, 7, 8, empty) (96, 6, 16, empty) (6, 6, 7, empty) 
  (95, 5, 15, empty) (5, 5, 6, empty) (94, 4, 14, empty) 
  (4, 4, 5, empty) (93, 3, 13, empty) (3, 3, 4, empty) 
  (92, 2, 12, empty) (2, 2, 3, empty) (91, 1, 11, empty) 
  (1, 1, 2, empty) (90, 0, 10, empty) (0, 0, 1, empty) ]

